[2024-08-08 02:00:00.048 +00:00] [INF] [69] Emby.Server.Implementations.ScheduledTasks.TaskManager: "Extract Chapter Images" Completed after 0 minute(s) and 0 seconds
[2024-08-08 02:00:01.004 +00:00] [INF] [69] Emby.Server.Implementations.ScheduledTasks.TaskManager: Daily trigger for "Extract Chapter Images" set to fire at 2024-08-09 02:00:00.000 +00:00, which is 23:59:58.9959836 from now.
[2024-08-08 03:00:00.037 +00:00] [INF] [72] Emby.Server.Implementations.ScheduledTasks.TaskManager: "Generate Trickplay Images" Completed after 0 minute(s) and 0 seconds
[2024-08-08 03:00:01.000 +00:00] [INF] [59] Emby.Server.Implementations.ScheduledTasks.TaskManager: Daily trigger for "Generate Trickplay Images" set to fire at 2024-08-09 03:00:00.000 +00:00, which is 23:59:59.0000455 from now.
[2024-08-08 05:54:03.784 +00:00] [INF] [56] Emby.Server.Implementations.ScheduledTasks.TaskManager: "Clean Log Directory" Completed after 0 minute(s) and 0 seconds
[2024-08-08 05:54:03.849 +00:00] [INF] [59] Emby.Server.Implementations.ScheduledTasks.TaskManager: "Clean Transcode Directory" Completed after 0 minute(s) and 0 seconds
[2024-08-08 05:54:03.917 +00:00] [INF] [56] Emby.Server.Implementations.ScheduledTasks.TaskManager: "Download missing subtitles" Completed after 0 minute(s) and 0 seconds
[2024-08-08 05:54:04.015 +00:00] [INF] [59] Emby.Server.Implementations.ScheduledTasks.TaskManager: "TasksRefreshChannels" Completed after 0 minute(s) and 0 seconds
[2024-08-08 05:54:04.316 +00:00] [INF] [59] Emby.Server.Implementations.ScheduledTasks.TaskManager: "Clean Cache Directory" Completed after 0 minute(s) and 0 seconds
[2024-08-08 05:54:04.598 +00:00] [INF] [8] Emby.Server.Implementations.ScheduledTasks.Tasks.OptimizeDatabaseTask: Optimizing and vacuuming jellyfin.db...
[2024-08-08 05:54:04.628 +00:00] [INF] [8] Emby.Server.Implementations.ScheduledTasks.Tasks.OptimizeDatabaseTask: jellyfin.db optimized successfully!
[2024-08-08 05:54:04.628 +00:00] [INF] [8] Emby.Server.Implementations.ScheduledTasks.TaskManager: "Optimize database" Completed after 0 minute(s) and 0 seconds
[2024-08-08 05:54:04.824 +00:00] [INF] [8] Emby.Server.Implementations.ScheduledTasks.TaskManager: "Audio Normalization" Completed after 0 minute(s) and 0 seconds
[2024-08-08 05:54:19.133 +00:00] [INF] [59] Emby.Server.Implementations.ScheduledTasks.TaskManager: "Update Plugins" Completed after 0 minute(s) and 6 seconds
[2024-08-08 06:41:56.599 +00:00] [INF] [64] Emby.Server.Implementations.IO.LibraryMonitor: Stopping directory watching for path "/media/Movies"
[2024-08-08 06:41:56.599 +00:00] [INF] [64] Emby.Server.Implementations.IO.LibraryMonitor: Stopping directory watching for path "/media/Music"
[2024-08-08 06:41:56.599 +00:00] [INF] [64] Emby.Server.Implementations.Library.LibraryManager: Validating media library
[2024-08-08 06:41:56.934 +00:00] [WRN] [64] MediaBrowser.Controller.Entities.BaseItem: Library folder "/config/data/playlists" is inaccessible or empty, skipping
[2024-08-08 06:41:56.978 +00:00] [WRN] [36] MediaBrowser.Controller.Entities.BaseItem: Library folder "/config/data/playlists" is inaccessible or empty, skipping
[2024-08-08 06:41:57.609 +00:00] [INF] [75] Emby.Server.Implementations.ScheduledTasks.TaskManager: "Scan Media Library" Completed after 0 minute(s) and 1 seconds
[2024-08-08 06:41:57.652 +00:00] [INF] [49] Emby.Server.Implementations.IO.LibraryMonitor: Watching directory "/media/Music"
[2024-08-08 06:41:57.652 +00:00] [INF] [77] Emby.Server.Implementations.IO.LibraryMonitor: Watching directory "/media/Movies"
[2024-08-08 06:54:13.765 +00:00] [INF] [18] Jellyfin.LiveTv.Guide.GuideManager: Refreshing guide with 7 days of guide data
[2024-08-08 06:54:13.768 +00:00] [INF] [18] Emby.Server.Implementations.ScheduledTasks.TaskManager: "Refresh Guide" Completed after 0 minute(s) and 3 seconds
[2024-08-08 18:41:56.599 +00:00] [INF] [87] Emby.Server.Implementations.IO.LibraryMonitor: Stopping directory watching for path "/media/Movies"
[2024-08-08 18:41:56.599 +00:00] [INF] [87] Emby.Server.Implementations.IO.LibraryMonitor: Stopping directory watching for path "/media/Music"
[2024-08-08 18:41:56.606 +00:00] [INF] [87] Emby.Server.Implementations.Library.LibraryManager: Validating media library
[2024-08-08 18:41:56.637 +00:00] [WRN] [87] MediaBrowser.Controller.Entities.BaseItem: Library folder "/config/data/playlists" is inaccessible or empty, skipping
[2024-08-08 18:41:56.672 +00:00] [WRN] [87] MediaBrowser.Controller.Entities.BaseItem: Library folder "/config/data/playlists" is inaccessible or empty, skipping
[2024-08-08 18:41:56.813 +00:00] [INF] [87] Emby.Server.Implementations.ScheduledTasks.TaskManager: "Scan Media Library" Completed after 0 minute(s) and 0 seconds
[2024-08-08 18:41:56.872 +00:00] [INF] [22] Emby.Server.Implementations.IO.LibraryMonitor: Watching directory "/media/Movies"
[2024-08-08 18:41:56.876 +00:00] [INF] [71] Emby.Server.Implementations.IO.LibraryMonitor: Watching directory "/media/Music"
